2026-07-04 15:00:00.195  INFO 127955 --- [main] c.b.p.ProductServiceApplication          : Starting ProductServiceApplication using Java 17.0.12 on amimul-Lenovo-Slim-Pro-7-14APH8 with PID 127955 (/home/amimul/Amimul/Full Stack App/microservice-ecommerce/product-service/target/classes started by amimul in /home/amimul/Amimul/Full Stack App/microservice-ecommerce)
2026-07-04 15:00:00.197  INFO 127955 --- [main] c.b.p.ProductServiceApplication          : The following 1 profile is active: "ps"
2026-07-04 15:00:00.491  INFO 127955 --- [main] .s.d.r.c.RepositoryConfigurationDelegate : Bootstrapping Spring Data MongoDB repositories in DEFAULT mode.
2026-07-04 15:00:00.558  INFO 127955 --- [main] .s.d.r.c.RepositoryConfigurationDelegate : Finished Spring Data repository scanning in 65 ms. Found 1 MongoDB repository interfaces.
2026-07-04 15:00:00.654  INFO 127955 --- [main] o.s.cloud.context.scope.GenericScope     : BeanFactory id=e636a132-1ef4-3496-98e3-e9709149fdc0
2026-07-04 15:00:00.789  INFO 127955 --- [main] o.s.b.w.embedded.tomcat.TomcatWebServer  : Tomcat initialized with port(s): 8080 (http)
2026-07-04 15:00:00.795  INFO 127955 --- [main] o.apache.catalina.core.StandardService   : Starting service [Tomcat]
2026-07-04 15:00:00.795  INFO 127955 --- [main] org.apache.catalina.core.StandardEngine  : Starting Servlet engine: [Apache Tomcat/9.0.74]
2026-07-04 15:00:00.853  INFO 127955 --- [main] o.a.c.c.C.[Tomcat].[localhost].[/]       : Initializing Spring embedded WebApplicationContext
2026-07-04 15:00:00.853  INFO 127955 --- [main] w.s.c.ServletWebServerApplicationContext : Root WebApplicationContext: initialization completed in 632 ms
2026-07-04 15:00:00.953  INFO 127955 --- [main] org.mongodb.driver.client                : MongoClient with metadata {"driver": {"name": "mongo-java-driver|sync|spring-boot", "version": "4.6.1"}, "os": {"type": "Linux", "name": "Linux", "architecture": "amd64", "version": "6.17.0-35-generic"}, "platform": "Java/Oracle Corporation/17.0.12+8-LTS-286"} created with settings MongoClientSettings{readPreference=primary, writeConcern=WriteConcern{w=null, wTimeout=null ms, journal=null}, retryWrites=true, retryReads=true, readConcern=ReadConcern{level=null}, credential=null, streamFactoryFactory=null, commandListeners=[], codecRegistry=ProvidersCodecRegistry{codecProviders=[ValueCodecProvider{}, BsonValueCodecProvider{}, DBRefCodecProvider{}, DBObjectCodecProvider{}, DocumentCodecProvider{}, IterableCodecProvider{}, MapCodecProvider{}, GeoJsonCodecProvider{}, GridFSFileCodecProvider{}, Jsr310CodecProvider{}, JsonObjectCodecProvider{}, BsonCodecProvider{}, EnumCodecProvider{}, com.mongodb.Jep395RecordCodecProvider@5700c9db]}, clusterSettings={hosts=[localhost:27017], srvServiceName=mongodb, mode=SINGLE, requiredClusterType=UNKNOWN, requiredReplicaSetName='null', serverSelector='null', clusterListeners='[]', serverSelectionTimeout='30000 ms', localThreshold='30000 ms'}, socketSettings=SocketSettings{connectTimeoutMS=10000, readTimeoutMS=0, receiveBufferSize=0, sendBufferSize=0}, heartbeatSocketSettings=SocketSettings{connectTimeoutMS=10000, readTimeoutMS=10000, receiveBufferSize=0, sendBufferSize=0}, connectionPoolSettings=ConnectionPoolSettings{maxSize=100, minSize=0, maxWaitTimeMS=120000, maxConnectionLifeTimeMS=0, maxConnectionIdleTimeMS=0, maintenanceInitialDelayMS=0, maintenanceFrequencyMS=60000, connectionPoolListeners=[], maxConnecting=2}, serverSettings=ServerSettings{heartbeatFrequencyMS=10000, minHeartbeatFrequencyMS=500, serverListeners='[]', serverMonitorListeners='[]'}, sslSettings=SslSettings{enabled=false, invalidHostNameAllowed=false, context=null}, applicationName='null', compressorList=[], uuidRepresentation=JAVA_LEGACY, serverApi=null, autoEncryptionSettings=null, contextProvider=null}
2026-07-04 15:00:00.967  INFO 127955 --- [cluster-rtt-ClusterId{value='6a4958307b497c3fa352b339', description='null'}-localhost:27017] org.mongodb.driver.connection            : Opened connection [connectionId{localValue:2, serverValue:1}] to localhost:27017
2026-07-04 15:00:00.967  INFO 127955 --- [cluster-ClusterId{value='6a4958307b497c3fa352b339', description='null'}-localhost:27017] org.mongodb.driver.connection            : Opened connection [connectionId{localValue:1, serverValue:2}] to localhost:27017
2026-07-04 15:00:00.968  INFO 127955 --- [cluster-ClusterId{value='6a4958307b497c3fa352b339', description='null'}-localhost:27017] org.mongodb.driver.cluster               : Monitor thread successfully connected to server with description ServerDescription{address=localhost:27017, type=STANDALONE, state=CONNECTED, ok=true, minWireVersion=0, maxWireVersion=9, maxDocumentSize=16777216, logicalSessionTimeoutMinutes=30, roundTripTimeNanos=17548185}
2026-07-04 15:00:00.992  WARN 127955 --- [main] o.s.data.convert.CustomConversions       : Registering converter from class java.time.LocalDateTime to class org.joda.time.LocalDateTime as reading converter although it doesn't convert from a store-supported type; You might want to check your annotation setup at the converter implementation
2026-07-04 15:00:01.062  WARN 127955 --- [main] o.s.data.convert.CustomConversions       : Registering converter from class java.time.LocalDateTime to class org.joda.time.LocalDateTime as reading converter although it doesn't convert from a store-supported type; You might want to check your annotation setup at the converter implementation
2026-07-04 15:00:01.314  INFO 127955 --- [main] DiscoveryClientOptionalArgsConfiguration : Eureka HTTP Client uses RestTemplate.
2026-07-04 15:00:01.363  WARN 127955 --- [main] iguration$LoadBalancerCaffeineWarnLogger : Spring Cloud LoadBalancer is currently working with the default cache. While this cache implementation is useful for development and tests, it's recommended to use Caffeine cache in production.You can switch to using Caffeine cache, by adding it and org.springframework.cache.caffeine.CaffeineCacheManager to the classpath.
2026-07-04 15:00:01.403  INFO 127955 --- [main] o.s.c.n.eureka.InstanceInfoFactory       : Setting initial instance status as: STARTING
2026-07-04 15:00:01.425  INFO 127955 --- [main] com.netflix.discovery.DiscoveryClient    : Initializing Eureka in region us-east-1
2026-07-04 15:00:01.428  INFO 127955 --- [main] c.n.d.s.r.aws.ConfigClusterResolver      : Resolving eureka endpoints via configuration
2026-07-04 15:00:01.443  INFO 127955 --- [main] com.netflix.discovery.DiscoveryClient    : Disable delta property : false
2026-07-04 15:00:01.443  INFO 127955 --- [main] com.netflix.discovery.DiscoveryClient    : Single vip registry refresh property : null
2026-07-04 15:00:01.443  INFO 127955 --- [main] com.netflix.discovery.DiscoveryClient    : Force full registry fetch : false
2026-07-04 15:00:01.443  INFO 127955 --- [main] com.netflix.discovery.DiscoveryClient    : Application is null : false
2026-07-04 15:00:01.443  INFO 127955 --- [main] com.netflix.discovery.DiscoveryClient    : Registered Applications size is zero : true
2026-07-04 15:00:01.443  INFO 127955 --- [main] com.netflix.discovery.DiscoveryClient    : Application version is -1: true
2026-07-04 15:00:01.443  INFO 127955 --- [main] com.netflix.discovery.DiscoveryClient    : Getting all instance registry info from the eureka server
2026-07-04 15:00:01.634  INFO 127955 --- [main] com.netflix.discovery.DiscoveryClient    : The response status is 200
2026-07-04 15:00:01.636  INFO 127955 --- [main] com.netflix.discovery.DiscoveryClient    : Starting heartbeat executor: renew interval is: 30
2026-07-04 15:00:01.637  INFO 127955 --- [main] c.n.discovery.InstanceInfoReplicator     : InstanceInfoReplicator onDemand update allowed rate per min is 4
2026-07-04 15:00:01.639  INFO 127955 --- [main] com.netflix.discovery.DiscoveryClient    : Discovery Client initialized at timestamp 1783191601639 with initial instances count: 2
2026-07-04 15:00:01.640  INFO 127955 --- [main] o.s.c.n.e.s.EurekaServiceRegistry        : Registering application UNKNOWN with eureka with status UP
2026-07-04 15:00:01.640  INFO 127955 --- [main] com.netflix.discovery.DiscoveryClient    : Saw local status change event StatusChangeEvent [timestamp=1783191601640, current=UP, previous=STARTING]
2026-07-04 15:00:01.641  INFO 127955 --- [DiscoveryClient-InstanceInfoReplicator-0] com.netflix.discovery.DiscoveryClient    : DiscoveryClient_UNKNOWN/192.168.0.225: registering service...
2026-07-04 15:00:01.648  INFO 127955 --- [main] o.s.b.w.embedded.tomcat.TomcatWebServer  : Tomcat started on port(s): 8080 (http) with context path ''
2026-07-04 15:00:01.649  INFO 127955 --- [main] .s.c.n.e.s.EurekaAutoServiceRegistration : Updating port to 8080
2026-07-04 15:00:01.659  INFO 127955 --- [DiscoveryClient-InstanceInfoReplicator-0] com.netflix.discovery.DiscoveryClient    : DiscoveryClient_UNKNOWN/192.168.0.225 - registration status: 204
2026-07-04 15:00:01.668  INFO 127955 --- [main] c.b.p.ProductServiceApplication          : Started ProductServiceApplication in 1.746 seconds (JVM running for 2.094)
2026-07-04 15:05:01.444  INFO 127955 --- [AsyncResolver-bootstrap-executor-0] c.n.d.s.r.aws.ConfigClusterResolver      : Resolving eureka endpoints via configuration
2026-07-04 15:10:01.445  INFO 127955 --- [AsyncResolver-bootstrap-executor-0] c.n.d.s.r.aws.ConfigClusterResolver      : Resolving eureka endpoints via configuration
2026-07-04 15:15:01.446  INFO 127955 --- [AsyncResolver-bootstrap-executor-0] c.n.d.s.r.aws.ConfigClusterResolver      : Resolving eureka endpoints via configuration
2026-07-04 15:20:01.448  INFO 127955 --- [AsyncResolver-bootstrap-executor-0] c.n.d.s.r.aws.ConfigClusterResolver      : Resolving eureka endpoints via configuration
2026-07-04 15:25:01.449  INFO 127955 --- [AsyncResolver-bootstrap-executor-0] c.n.d.s.r.aws.ConfigClusterResolver      : Resolving eureka endpoints via configuration
2026-07-04 15:30:01.450  INFO 127955 --- [AsyncResolver-bootstrap-executor-0] c.n.d.s.r.aws.ConfigClusterResolver      : Resolving eureka endpoints via configuration
2026-07-04 15:35:01.451  INFO 127955 --- [AsyncResolver-bootstrap-executor-0] c.n.d.s.r.aws.ConfigClusterResolver      : Resolving eureka endpoints via configuration
2026-07-04 15:40:01.452  INFO 127955 --- [AsyncResolver-bootstrap-executor-0] c.n.d.s.r.aws.ConfigClusterResolver      : Resolving eureka endpoints via configuration
2026-07-04 15:45:01.453  INFO 127955 --- [AsyncResolver-bootstrap-executor-0] c.n.d.s.r.aws.ConfigClusterResolver      : Resolving eureka endpoints via configuration
2026-07-04 15:50:01.454  INFO 127955 --- [AsyncResolver-bootstrap-executor-0] c.n.d.s.r.aws.ConfigClusterResolver      : Resolving eureka endpoints via configuration
2026-07-04 15:55:01.454  INFO 127955 --- [AsyncResolver-bootstrap-executor-0] c.n.d.s.r.aws.ConfigClusterResolver      : Resolving eureka endpoints via configuration
2026-07-04 16:00:01.456  INFO 127955 --- [AsyncResolver-bootstrap-executor-0] c.n.d.s.r.aws.ConfigClusterResolver      : Resolving eureka endpoints via configuration
2026-07-04 16:05:01.456  INFO 127955 --- [AsyncResolver-bootstrap-executor-0] c.n.d.s.r.aws.ConfigClusterResolver      : Resolving eureka endpoints via configuration
2026-07-04 16:10:01.457  INFO 127955 --- [AsyncResolver-bootstrap-executor-0] c.n.d.s.r.aws.ConfigClusterResolver      : Resolving eureka endpoints via configuration
2026-07-04 16:15:01.458  INFO 127955 --- [AsyncResolver-bootstrap-executor-0] c.n.d.s.r.aws.ConfigClusterResolver      : Resolving eureka endpoints via configuration
2026-07-04 16:20:01.459  INFO 127955 --- [AsyncResolver-bootstrap-executor-0] c.n.d.s.r.aws.ConfigClusterResolver      : Resolving eureka endpoints via configuration
2026-07-04 16:25:01.460  INFO 127955 --- [AsyncResolver-bootstrap-executor-0] c.n.d.s.r.aws.ConfigClusterResolver      : Resolving eureka endpoints via configuration
2026-07-04 16:30:01.461  INFO 127955 --- [AsyncResolver-bootstrap-executor-0] c.n.d.s.r.aws.ConfigClusterResolver      : Resolving eureka endpoints via configuration
2026-07-04 16:35:01.462  INFO 127955 --- [AsyncResolver-bootstrap-executor-0] c.n.d.s.r.aws.ConfigClusterResolver      : Resolving eureka endpoints via configuration
2026-07-04 16:40:01.463  INFO 127955 --- [AsyncResolver-bootstrap-executor-0] c.n.d.s.r.aws.ConfigClusterResolver      : Resolving eureka endpoints via configuration
2026-07-04 16:45:01.464  INFO 127955 --- [AsyncResolver-bootstrap-executor-0] c.n.d.s.r.aws.ConfigClusterResolver      : Resolving eureka endpoints via configuration
2026-07-04 16:50:01.473  INFO 127955 --- [AsyncResolver-bootstrap-executor-0] c.n.d.s.r.aws.ConfigClusterResolver      : Resolving eureka endpoints via configuration
2026-07-04 16:55:01.483  INFO 127955 --- [AsyncResolver-bootstrap-executor-0] c.n.d.s.r.aws.ConfigClusterResolver      : Resolving eureka endpoints via configuration
2026-07-04 17:00:01.484  INFO 127955 --- [AsyncResolver-bootstrap-executor-0] c.n.d.s.r.aws.ConfigClusterResolver      : Resolving eureka endpoints via configuration
2026-07-04 17:05:01.485  INFO 127955 --- [AsyncResolver-bootstrap-executor-0] c.n.d.s.r.aws.ConfigClusterResolver      : Resolving eureka endpoints via configuration
2026-07-04 17:10:01.495  INFO 127955 --- [AsyncResolver-bootstrap-executor-0] c.n.d.s.r.aws.ConfigClusterResolver      : Resolving eureka endpoints via configuration
2026-07-04 17:11:02.776  INFO 127955 --- [DiscoveryClient-HeartbeatExecutor-0] com.netflix.discovery.DiscoveryClient    : DiscoveryClient_UNKNOWN/192.168.0.225 - Re-registering apps/UNKNOWN
2026-07-04 17:11:02.776  INFO 127955 --- [DiscoveryClient-HeartbeatExecutor-0] com.netflix.discovery.DiscoveryClient    : DiscoveryClient_UNKNOWN/192.168.0.225: registering service...
2026-07-04 17:11:02.784  INFO 127955 --- [DiscoveryClient-HeartbeatExecutor-0] com.netflix.discovery.DiscoveryClient    : DiscoveryClient_UNKNOWN/192.168.0.225 - registration status: 204
2026-07-04 17:11:18.475  INFO 127955 --- [SpringApplicationShutdownHook] o.s.c.n.e.s.EurekaServiceRegistry        : Unregistering application UNKNOWN with eureka with status DOWN
2026-07-04 17:11:18.476  INFO 127955 --- [SpringApplicationShutdownHook] com.netflix.discovery.DiscoveryClient    : Saw local status change event StatusChangeEvent [timestamp=1783199478476, current=DOWN, previous=UP]
2026-07-04 17:11:18.476  INFO 127955 --- [DiscoveryClient-InstanceInfoReplicator-0] com.netflix.discovery.DiscoveryClient    : DiscoveryClient_UNKNOWN/192.168.0.225: registering service...
2026-07-04 17:11:18.487  INFO 127955 --- [DiscoveryClient-InstanceInfoReplicator-0] com.netflix.discovery.DiscoveryClient    : DiscoveryClient_UNKNOWN/192.168.0.225 - registration status: 204
2026-07-04 17:11:18.498  INFO 127955 --- [SpringApplicationShutdownHook] com.netflix.discovery.DiscoveryClient    : Shutting down DiscoveryClient ...
2026-07-04 17:11:21.500  INFO 127955 --- [SpringApplicationShutdownHook] com.netflix.discovery.DiscoveryClient    : Unregistering ...
2026-07-04 17:11:21.506  INFO 127955 --- [SpringApplicationShutdownHook] com.netflix.discovery.DiscoveryClient    : DiscoveryClient_UNKNOWN/192.168.0.225 - deregister  status: 200
2026-07-04 17:11:21.510  INFO 127955 --- [SpringApplicationShutdownHook] com.netflix.discovery.DiscoveryClient    : Completed shut down of DiscoveryClient
2026-07-04 17:11:23.212  INFO 176334 --- [main] c.b.p.ProductServiceApplication          : Starting ProductServiceApplication using Java 17.0.12 on amimul-Lenovo-Slim-Pro-7-14APH8 with PID 176334 (/home/amimul/Amimul/Full Stack App/microservice-ecommerce/product-service/target/classes started by amimul in /home/amimul/Amimul/Full Stack App/microservice-ecommerce)
2026-07-04 17:11:23.214  INFO 176334 --- [main] c.b.p.ProductServiceApplication          : The following 1 profile is active: "ps"
2026-07-04 17:11:23.540  INFO 176334 --- [main] .s.d.r.c.RepositoryConfigurationDelegate : Bootstrapping Spring Data MongoDB repositories in DEFAULT mode.
2026-07-04 17:11:23.613  INFO 176334 --- [main] .s.d.r.c.RepositoryConfigurationDelegate : Finished Spring Data repository scanning in 69 ms. Found 1 MongoDB repository interfaces.
2026-07-04 17:11:23.705  INFO 176334 --- [main] o.s.cloud.context.scope.GenericScope     : BeanFactory id=e636a132-1ef4-3496-98e3-e9709149fdc0
2026-07-04 17:11:23.845  INFO 176334 --- [main] o.s.b.w.embedded.tomcat.TomcatWebServer  : Tomcat initialized with port(s): 8080 (http)
2026-07-04 17:11:23.851  INFO 176334 --- [main] o.apache.catalina.core.StandardService   : Starting service [Tomcat]
2026-07-04 17:11:23.851  INFO 176334 --- [main] org.apache.catalina.core.StandardEngine  : Starting Servlet engine: [Apache Tomcat/9.0.74]
2026-07-04 17:11:23.915  INFO 176334 --- [main] o.a.c.c.C.[Tomcat].[localhost].[/]       : Initializing Spring embedded WebApplicationContext
2026-07-04 17:11:23.915  INFO 176334 --- [main] w.s.c.ServletWebServerApplicationContext : Root WebApplicationContext: initialization completed in 676 ms
2026-07-04 17:11:24.013  INFO 176334 --- [main] org.mongodb.driver.client                : MongoClient with metadata {"driver": {"name": "mongo-java-driver|sync|spring-boot", "version": "4.6.1"}, "os": {"type": "Linux", "name": "Linux", "architecture": "amd64", "version": "6.17.0-35-generic"}, "platform": "Java/Oracle Corporation/17.0.12+8-LTS-286"} created with settings MongoClientSettings{readPreference=primary, writeConcern=WriteConcern{w=null, wTimeout=null ms, journal=null}, retryWrites=true, retryReads=true, readConcern=ReadConcern{level=null}, credential=null, streamFactoryFactory=null, commandListeners=[], codecRegistry=ProvidersCodecRegistry{codecProviders=[ValueCodecProvider{}, BsonValueCodecProvider{}, DBRefCodecProvider{}, DBObjectCodecProvider{}, DocumentCodecProvider{}, IterableCodecProvider{}, MapCodecProvider{}, GeoJsonCodecProvider{}, GridFSFileCodecProvider{}, Jsr310CodecProvider{}, JsonObjectCodecProvider{}, BsonCodecProvider{}, EnumCodecProvider{}, com.mongodb.Jep395RecordCodecProvider@1039bfc4]}, clusterSettings={hosts=[localhost:27017], srvServiceName=mongodb, mode=SINGLE, requiredClusterType=UNKNOWN, requiredReplicaSetName='null', serverSelector='null', clusterListeners='[]', serverSelectionTimeout='30000 ms', localThreshold='30000 ms'}, socketSettings=SocketSettings{connectTimeoutMS=10000, readTimeoutMS=0, receiveBufferSize=0, sendBufferSize=0}, heartbeatSocketSettings=SocketSettings{connectTimeoutMS=10000, readTimeoutMS=10000, receiveBufferSize=0, sendBufferSize=0}, connectionPoolSettings=ConnectionPoolSettings{maxSize=100, minSize=0, maxWaitTimeMS=120000, maxConnectionLifeTimeMS=0, maxConnectionIdleTimeMS=0, maintenanceInitialDelayMS=0, maintenanceFrequencyMS=60000, connectionPoolListeners=[], maxConnecting=2}, serverSettings=ServerSettings{heartbeatFrequencyMS=10000, minHeartbeatFrequencyMS=500, serverListeners='[]', serverMonitorListeners='[]'}, sslSettings=SslSettings{enabled=false, invalidHostNameAllowed=false, context=null}, applicationName='null', compressorList=[], uuidRepresentation=JAVA_LEGACY, serverApi=null, autoEncryptionSettings=null, contextProvider=null}
2026-07-04 17:11:24.019  INFO 176334 --- [cluster-rtt-ClusterId{value='6a4976fb35ef580494e79ee9', description='null'}-localhost:27017] org.mongodb.driver.connection            : Opened connection [connectionId{localValue:2, serverValue:3}] to localhost:27017
2026-07-04 17:11:24.019  INFO 176334 --- [cluster-ClusterId{value='6a4976fb35ef580494e79ee9', description='null'}-localhost:27017] org.mongodb.driver.connection            : Opened connection [connectionId{localValue:1, serverValue:4}] to localhost:27017
2026-07-04 17:11:24.020  INFO 176334 --- [cluster-ClusterId{value='6a4976fb35ef580494e79ee9', description='null'}-localhost:27017] org.mongodb.driver.cluster               : Monitor thread successfully connected to server with description ServerDescription{address=localhost:27017, type=STANDALONE, state=CONNECTED, ok=true, minWireVersion=0, maxWireVersion=9, maxDocumentSize=16777216, logicalSessionTimeoutMinutes=30, roundTripTimeNanos=10183367}
2026-07-04 17:11:24.054  WARN 176334 --- [main] o.s.data.convert.CustomConversions       : Registering converter from class java.time.LocalDateTime to class org.joda.time.LocalDateTime as reading converter although it doesn't convert from a store-supported type; You might want to check your annotation setup at the converter implementation
2026-07-04 17:11:24.117  WARN 176334 --- [main] o.s.data.convert.CustomConversions       : Registering converter from class java.time.LocalDateTime to class org.joda.time.LocalDateTime as reading converter although it doesn't convert from a store-supported type; You might want to check your annotation setup at the converter implementation
2026-07-04 17:11:24.373  INFO 176334 --- [main] DiscoveryClientOptionalArgsConfiguration : Eureka HTTP Client uses RestTemplate.
2026-07-04 17:11:24.429  WARN 176334 --- [main] iguration$LoadBalancerCaffeineWarnLogger : Spring Cloud LoadBalancer is currently working with the default cache. While this cache implementation is useful for development and tests, it's recommended to use Caffeine cache in production.You can switch to using Caffeine cache, by adding it and org.springframework.cache.caffeine.CaffeineCacheManager to the classpath.
2026-07-04 17:11:24.458  INFO 176334 --- [main] o.s.c.n.eureka.InstanceInfoFactory       : Setting initial instance status as: STARTING
2026-07-04 17:11:24.473  INFO 176334 --- [main] com.netflix.discovery.DiscoveryClient    : Initializing Eureka in region us-east-1
2026-07-04 17:11:24.476  INFO 176334 --- [main] c.n.d.s.r.aws.ConfigClusterResolver      : Resolving eureka endpoints via configuration
2026-07-04 17:11:24.488  INFO 176334 --- [main] com.netflix.discovery.DiscoveryClient    : Disable delta property : false
2026-07-04 17:11:24.488  INFO 176334 --- [main] com.netflix.discovery.DiscoveryClient    : Single vip registry refresh property : null
2026-07-04 17:11:24.488  INFO 176334 --- [main] com.netflix.discovery.DiscoveryClient    : Force full registry fetch : false
2026-07-04 17:11:24.488  INFO 176334 --- [main] com.netflix.discovery.DiscoveryClient    : Application is null : false
2026-07-04 17:11:24.488  INFO 176334 --- [main] com.netflix.discovery.DiscoveryClient    : Registered Applications size is zero : true
2026-07-04 17:11:24.488  INFO 176334 --- [main] com.netflix.discovery.DiscoveryClient    : Application version is -1: true
2026-07-04 17:11:24.488  INFO 176334 --- [main] com.netflix.discovery.DiscoveryClient    : Getting all instance registry info from the eureka server
2026-07-04 17:11:24.645  INFO 176334 --- [main] com.netflix.discovery.DiscoveryClient    : The response status is 200
2026-07-04 17:11:24.646  INFO 176334 --- [main] com.netflix.discovery.DiscoveryClient    : Starting heartbeat executor: renew interval is: 30
2026-07-04 17:11:24.647  INFO 176334 --- [main] c.n.discovery.InstanceInfoReplicator     : InstanceInfoReplicator onDemand update allowed rate per min is 4
2026-07-04 17:11:24.650  INFO 176334 --- [main] com.netflix.discovery.DiscoveryClient    : Discovery Client initialized at timestamp 1783199484649 with initial instances count: 0
2026-07-04 17:11:24.651  INFO 176334 --- [main] o.s.c.n.e.s.EurekaServiceRegistry        : Registering application PRODUCT-SERVICE with eureka with status UP
2026-07-04 17:11:24.651  INFO 176334 --- [main] com.netflix.discovery.DiscoveryClient    : Saw local status change event StatusChangeEvent [timestamp=1783199484651, current=UP, previous=STARTING]
2026-07-04 17:11:24.652  INFO 176334 --- [DiscoveryClient-InstanceInfoReplicator-0] com.netflix.discovery.DiscoveryClient    : DiscoveryClient_PRODUCT-SERVICE/192.168.0.225:product-service: registering service...
2026-07-04 17:11:24.659  INFO 176334 --- [main] o.s.b.w.embedded.tomcat.TomcatWebServer  : Tomcat started on port(s): 8080 (http) with context path ''
2026-07-04 17:11:24.659  INFO 176334 --- [main] .s.c.n.e.s.EurekaAutoServiceRegistration : Updating port to 8080
2026-07-04 17:11:24.671  INFO 176334 --- [DiscoveryClient-InstanceInfoReplicator-0] com.netflix.discovery.DiscoveryClient    : DiscoveryClient_PRODUCT-SERVICE/192.168.0.225:product-service - registration status: 204
2026-07-04 17:11:24.737  INFO 176334 --- [main] c.b.p.ProductServiceApplication          : Started ProductServiceApplication in 1.82 seconds (JVM running for 2.235)
2026-07-04 17:11:54.647  INFO 176334 --- [DiscoveryClient-CacheRefreshExecutor-0] com.netflix.discovery.DiscoveryClient    : Disable delta property : false
2026-07-04 17:11:54.647  INFO 176334 --- [DiscoveryClient-CacheRefreshExecutor-0] com.netflix.discovery.DiscoveryClient    : Single vip registry refresh property : null
2026-07-04 17:11:54.648  INFO 176334 --- [DiscoveryClient-CacheRefreshExecutor-0] com.netflix.discovery.DiscoveryClient    : Force full registry fetch : false
2026-07-04 17:11:54.648  INFO 176334 --- [DiscoveryClient-CacheRefreshExecutor-0] com.netflix.discovery.DiscoveryClient    : Application is null : false
2026-07-04 17:11:54.648  INFO 176334 --- [DiscoveryClient-CacheRefreshExecutor-0] com.netflix.discovery.DiscoveryClient    : Registered Applications size is zero : true
2026-07-04 17:11:54.648  INFO 176334 --- [DiscoveryClient-CacheRefreshExecutor-0] com.netflix.discovery.DiscoveryClient    : Application version is -1: false
2026-07-04 17:11:54.648  INFO 176334 --- [DiscoveryClient-CacheRefreshExecutor-0] com.netflix.discovery.DiscoveryClient    : Getting all instance registry info from the eureka server
2026-07-04 17:11:54.661  INFO 176334 --- [DiscoveryClient-CacheRefreshExecutor-0] com.netflix.discovery.DiscoveryClient    : The response status is 200
2026-07-04 17:16:24.490  INFO 176334 --- [AsyncResolver-bootstrap-executor-0] c.n.d.s.r.aws.ConfigClusterResolver      : Resolving eureka endpoints via configuration
2026-07-04 17:21:24.499  INFO 176334 --- [AsyncResolver-bootstrap-executor-0] c.n.d.s.r.aws.ConfigClusterResolver      : Resolving eureka endpoints via configuration
2026-07-04 17:26:24.500  INFO 176334 --- [AsyncResolver-bootstrap-executor-0] c.n.d.s.r.aws.ConfigClusterResolver      : Resolving eureka endpoints via configuration
2026-07-04 17:31:24.501  INFO 176334 --- [AsyncResolver-bootstrap-executor-0] c.n.d.s.r.aws.ConfigClusterResolver      : Resolving eureka endpoints via configuration
2026-07-04 17:36:24.501  INFO 176334 --- [AsyncResolver-bootstrap-executor-0] c.n.d.s.r.aws.ConfigClusterResolver      : Resolving eureka endpoints via configuration
2026-07-04 17:41:24.502  INFO 176334 --- [AsyncResolver-bootstrap-executor-0] c.n.d.s.r.aws.ConfigClusterResolver      : Resolving eureka endpoints via configuration
2026-07-04 17:46:24.503  INFO 176334 --- [AsyncResolver-bootstrap-executor-0] c.n.d.s.r.aws.ConfigClusterResolver      : Resolving eureka endpoints via configuration
2026-07-04 17:51:24.504  INFO 176334 --- [AsyncResolver-bootstrap-executor-0] c.n.d.s.r.aws.ConfigClusterResolver      : Resolving eureka endpoints via configuration
2026-07-04 17:56:24.504  INFO 176334 --- [AsyncResolver-bootstrap-executor-0] c.n.d.s.r.aws.ConfigClusterResolver      : Resolving eureka endpoints via configuration
2026-07-04 18:01:24.505  INFO 176334 --- [AsyncResolver-bootstrap-executor-0] c.n.d.s.r.aws.ConfigClusterResolver      : Resolving eureka endpoints via configuration
2026-07-04 18:06:24.506  INFO 176334 --- [AsyncResolver-bootstrap-executor-0] c.n.d.s.r.aws.ConfigClusterResolver      : Resolving eureka endpoints via configuration
2026-07-04 18:11:24.506  INFO 176334 --- [AsyncResolver-bootstrap-executor-0] c.n.d.s.r.aws.ConfigClusterResolver      : Resolving eureka endpoints via configuration
